<?xml version="1.0" encoding="UTF-8"?>
<testsuite xmlns:xsi="http://www.w3.org/2001/XMLSchema-instance" xsi:noNamespaceSchemaLocation="https://maven.apache.org/surefire/maven-surefire-plugin/xsd/surefire-test-report.xsd" name="com.foxminded.anagram.AnagramTest" time="0.064" tests="4" errors="0" skipped="0" failures="0">
  <properties>
[...]
</properties>
  <testcase name="testAnagrams{String, String}[1]" classname="com.foxminded.anagram.AnagramTest" time="0.027"/>
  <testcase name="testAnagrams{String, String}[2]" classname="com.foxminded.anagram.AnagramTest" time="0"/>
  <testcase name="testAnagrams{String, String}[3]" classname="com.foxminded.anagram.AnagramTest" time="0"/>
  <testcase name="testExpectedException" classname="com.foxminded.anagram.AnagramTest" time="0.002"/>
</testsuite>